<?xml version="1.0" encoding="UTF-8"?>
<!-- Generated by org.testng.reporters.JUnitReportReporter -->
<testsuite hostname="ICONSULT-27" failures="0" tests="1" name="testCases.TC_UR_009" time="79.210" errors="0" timestamp="2025-02-07T15:16:47 PKT" skipped="0">
  <testcase classname="testCases.TC_UR_009" name="test" time="79.210"/>
</testsuite> <!-- testCases.TC_UR_009 -->
