<?xml version="1.0" encoding="UTF-8"?>
<!-- Generated by org.testng.reporters.JUnitReportReporter -->
<testsuite hostname="ICONSULT-27" failures="0" tests="1" name="testCases.TC_UR_011" time="39.869" errors="0" timestamp="2025-02-07T16:16:31 PKT" skipped="0">
  <testcase classname="testCases.TC_UR_011" name="test" time="39.869"/>
</testsuite> <!-- testCases.TC_UR_011 -->
