<?xml version="1.0" encoding="UTF-8"?>
<!-- Generated by org.testng.reporters.JUnitReportReporter -->
<testsuite hostname="ICONSULT-27" failures="0" tests="1" name="testCases.TC_UR_008" time="58.014" errors="0" timestamp="2025-02-07T16:51:02 PKT" skipped="0">
  <testcase classname="testCases.TC_UR_008" name="test" time="58.014"/>
</testsuite> <!-- testCases.TC_UR_008 -->
