<?xml version="1.0" encoding="UTF-8"?>
<!-- Generated by org.testng.reporters.JUnitReportReporter -->
<testsuite hostname="ICONSULT-27" failures="0" tests="1" name="tests.LoginTest" time="27.620" errors="0" timestamp="2025-01-27T12:47:08 PKT" skipped="0">
  <testcase classname="tests.LoginTest" name="test1" time="27.620"/>
</testsuite> <!-- tests.LoginTest -->
