<?xml version="1.0" encoding="UTF-8"?>
<!-- Generated by org.testng.reporters.JUnitReportReporter -->
<testsuite hostname="ICONSULT-27" failures="0" tests="1" name="testCases.TC_UR_010" time="42.167" errors="0" timestamp="2025-02-07T16:45:25 PKT" skipped="0">
  <testcase classname="testCases.TC_UR_010" name="test" time="42.167"/>
</testsuite> <!-- testCases.TC_UR_010 -->
