<?xml version="1.0" encoding="UTF-8"?>
<!-- Generated by org.testng.reporters.JUnitReportReporter -->
<testsuite hostname="ICONSULT-27" failures="0" tests="1" name="testCases.TC_UR_005" time="10.156" errors="0" timestamp="2025-02-07T14:47:10 PKT" skipped="0">
  <testcase classname="testCases.TC_UR_005" name="test" time="10.156"/>
</testsuite> <!-- testCases.TC_UR_005 -->
