<?xml version="1.0" encoding="UTF-8"?>
<!-- Generated by org.testng.reporters.JUnitReportReporter -->
<testsuite hostname="ICONSULT-27" failures="0" tests="1" name="testCases.TC_UR_007" time="12.083" errors="0" timestamp="2025-02-07T14:48:43 PKT" skipped="0">
  <testcase classname="testCases.TC_UR_007" name="test" time="12.083"/>
</testsuite> <!-- testCases.TC_UR_007 -->
