<?xml version="1.0" encoding="UTF-8"?>
<!-- Generated by org.testng.reporters.JUnitReportReporter -->
<testsuite hostname="ICONSULT-27" failures="0" tests="1" name="testCases.TC_UR_003" time="27.302" errors="0" timestamp="2025-02-07T14:41:04 PKT" skipped="0">
  <testcase classname="testCases.TC_UR_003" name="test" time="27.302"/>
</testsuite> <!-- testCases.TC_UR_003 -->
